<?xml version="1.0" encoding="UTF-8"?>
<robot generator="Robot 7.4.1 (Python 3.13.3 on darwin)" generated="2026-01-16T19:05:45.372683" rpa="false" schemaversion="5">
<suite id="s1" name="testSuitability" source="/Users/frederico_cunha/Projetos/PilotoAutomacao/tests/testSuitability.robot">
<test id="s1-t1" name="Cenario Acessar Deeplink Perfil Conservador" line="12">
<kw name="Abrir Aplicativo" owner="main">
<kw name="Open Application" owner="AppiumLibrary">
<arg>http://localhost:4723</arg>
<arg>platformName=Android</arg>
<arg>deviceName=RXCY3074CAL</arg>
<arg>automationName=UiAutomator2</arg>
<arg>appPackage=${app_package}</arg>
<arg>appActivity=${app_activity}</arg>
<arg>autoGrantPermissions=true</arg>
<arg>allow-insecure= adb_shell</arg>
<doc>Opens a new application to the given Appium server.
Capabilities of appium server, Android and iOS,
Please check https://appium.io/docs/en/2.19/guides/caps/
| *Option*            | *Man.* | *Description*     |
| remote_url          | Yes    | Appium server url |
| alias               | No     | alias             |</doc>
<status status="PASS" start="2026-01-16T19:05:45.516760" elapsed="7.626610"/>
</kw>
<status status="PASS" start="2026-01-16T19:05:45.516501" elapsed="7.627226"/>
</kw>
<kw name="Abrir Deeplink Perfil 'CONSERVATIVE'" owner="main" source_name="Abrir Deeplink Perfil '${profile}'">
<kw name="Set Variable" owner="BuiltIn">
<msg time="2026-01-16T19:05:53.145601" level="INFO">${deeplink_url} = portosuperapp://porto/invest/suitability?profile=CONSERVATIVE</msg>
<var>${deeplink_url}</var>
<arg>portosuperapp://porto/invest/suitability?profile=${profile}</arg>
<doc>Returns the given values which can then be assigned to a variables.</doc>
<status status="PASS" start="2026-01-16T19:05:53.145020" elapsed="0.000625"/>
</kw>
<kw name="Set Variable" owner="BuiltIn">
<msg time="2026-01-16T19:05:53.146077" level="INFO">${adb_command} = am start -W -a android.intent.action.VIEW -d "portosuperapp://porto/invest/suitability?profile=CONSERVATIVE" br.com.portoseguro.experienciacliente.mundoporto.hml</msg>
<var>${adb_command}</var>
<arg>am start -W -a android.intent.action.VIEW -d "${deeplink_url}" ${app_package}</arg>
<doc>Returns the given values which can then be assigned to a variables.</doc>
<status status="PASS" start="2026-01-16T19:05:53.145785" elapsed="0.000319"/>
</kw>
<kw name="Execute Script" owner="AppiumLibrary">
<msg time="2026-01-16T19:05:53.147312" level="INFO">Provided dictionary: {'command': 'am start -W -a android.intent.action.VIEW -d "portosuperapp://porto/invest/suitability?profile=CONSERVATIVE" br.com.portoseguro.experienciacliente.mundoporto.hml'}</msg>
<arg>mobile: shell</arg>
<arg>command=${adb_command}</arg>
<doc>Executes a variety of native, mobile commands that aren't associated
with a specific endpoint. Check out the appium drivers for more details: https://appium.io/docs/en/2.19/ecosystem/drivers/.</doc>
<status status="PASS" start="2026-01-16T19:05:53.146206" elapsed="0.487749"/>
</kw>
<status status="PASS" start="2026-01-16T19:05:53.144425" elapsed="0.489841"/>
</kw>
<kw name="Realizo Login com o usuário '91510934642' e a senha 'senha123'" owner="login" source_name="Realizo Login com o usuário '${username}' e a senha '${password}'">
<kw name="Preencho o campo da tela de login com '${username}'" owner="login" source_name="Preencho o campo da tela de login com '${texto}'">
<kw name="Wait Until Element Is Visible" owner="AppiumLibrary">
<msg time="2026-01-16T19:05:56.272006" level="INFO">criteria is br.com.portoseguro.experienciacliente.mundoporto.hml:id/it_edit_text</msg>
<arg>${txt_box}</arg>
<arg>5</arg>
<doc>Waits until the element specified by the ``locator`` is visible.</doc>
<status status="PASS" start="2026-01-16T19:05:53.636041" elapsed="2.636101"/>
</kw>
<kw name="Click Element" owner="AppiumLibrary">
<msg time="2026-01-16T19:05:56.273504" level="INFO">Clicking element 'br.com.portoseguro.experienciacliente.mundoporto.hml:id/it_edit_text'.</msg>
<msg time="2026-01-16T19:05:56.359452" level="INFO">criteria is br.com.portoseguro.experienciacliente.mundoporto.hml:id/it_edit_text</msg>
<arg>${txt_box}</arg>
<doc>Clicks the element identified by ``locator``.</doc>
<status status="PASS" start="2026-01-16T19:05:56.272374" elapsed="0.087192"/>
</kw>
<kw name="Input Text" owner="AppiumLibrary">
<msg time="2026-01-16T19:05:56.360856" level="INFO">Typing text '91510934642' into text field 'br.com.portoseguro.experienciacliente.mundoporto.hml:id/it_edit_text'</msg>
<msg time="2026-01-16T19:05:58.051229" level="INFO">criteria is br.com.portoseguro.experienciacliente.mundoporto.hml:id/it_edit_text</msg>
<arg>${txt_box}</arg>
<arg>${texto}</arg>
<doc>Types the given ``text`` into the text field identified by ``locator``.</doc>
<status status="PASS" start="2026-01-16T19:05:56.359799" elapsed="1.691622"/>
</kw>
<status status="PASS" start="2026-01-16T19:05:53.635659" elapsed="4.415948"/>
</kw>
<kw name="Click Text" owner="AppiumLibrary">
<msg time="2026-01-16T19:05:58.973521" level="INFO">xpath criteria: //*[contains(@text,"Continuar")]</msg>
<arg>Continuar</arg>
<doc>Clicks the text identified by ``text``.</doc>
<status status="PASS" start="2026-01-16T19:05:58.051901" elapsed="0.921879"/>
</kw>
<kw name="Sleep" owner="BuiltIn">
<msg time="2026-01-16T19:06:00.975721" level="INFO">Slept 2 seconds.</msg>
<arg>2</arg>
<doc>Pauses the test executed for the given time.</doc>
<status status="PASS" start="2026-01-16T19:05:58.974218" elapsed="2.001860"/>
</kw>
<kw name="Preencho o campo da tela de login com '${password}'" owner="login" source_name="Preencho o campo da tela de login com '${texto}'">
<kw name="Wait Until Element Is Visible" owner="AppiumLibrary">
<msg time="2026-01-16T19:06:01.054840" level="INFO">criteria is br.com.portoseguro.experienciacliente.mundoporto.hml:id/it_edit_text</msg>
<arg>${txt_box}</arg>
<arg>5</arg>
<doc>Waits until the element specified by the ``locator`` is visible.</doc>
<status status="PASS" start="2026-01-16T19:06:00.978149" elapsed="0.076806"/>
</kw>
<kw name="Click Element" owner="AppiumLibrary">
<msg time="2026-01-16T19:06:01.056173" level="INFO">Clicking element 'br.com.portoseguro.experienciacliente.mundoporto.hml:id/it_edit_text'.</msg>
<msg time="2026-01-16T19:06:01.167158" level="INFO">criteria is br.com.portoseguro.experienciacliente.mundoporto.hml:id/it_edit_text</msg>
<arg>${txt_box}</arg>
<doc>Clicks the element identified by ``locator``.</doc>
<status status="PASS" start="2026-01-16T19:06:01.055167" elapsed="0.112226"/>
</kw>
<kw name="Input Text" owner="AppiumLibrary">
<msg time="2026-01-16T19:06:01.169694" level="INFO">Typing text 'senha123' into text field 'br.com.portoseguro.experienciacliente.mundoporto.hml:id/it_edit_text'</msg>
<msg time="2026-01-16T19:06:02.282734" level="INFO">criteria is br.com.portoseguro.experienciacliente.mundoporto.hml:id/it_edit_text</msg>
<arg>${txt_box}</arg>
<arg>${texto}</arg>
<doc>Types the given ``text`` into the text field identified by ``locator``.</doc>
<status status="PASS" start="2026-01-16T19:06:01.167807" elapsed="1.115019"/>
</kw>
<status status="PASS" start="2026-01-16T19:06:00.977088" elapsed="1.305828"/>
</kw>
<kw name="Click Element" owner="AppiumLibrary">
<msg time="2026-01-16T19:06:02.284910" level="INFO">Clicking element 'br.com.portoseguro.experienciacliente.mundoporto.hml:id/label'.</msg>
<msg time="2026-01-16T19:06:03.062033" level="INFO">criteria is br.com.portoseguro.experienciacliente.mundoporto.hml:id/label</msg>
<arg>br.com.portoseguro.experienciacliente.mundoporto.hml:id/label</arg>
<doc>Clicks the element identified by ``locator``.</doc>
<status status="PASS" start="2026-01-16T19:06:02.283132" elapsed="0.779101"/>
</kw>
<status status="PASS" start="2026-01-16T19:05:53.634854" elapsed="9.427573"/>
</kw>
<kw name="Avanço sem utilizar a biometria">
<msg time="2026-01-16T19:06:03.065100" level="FAIL">No keyword with name 'Avanço sem utilizar a biometria' found.</msg>
<status status="FAIL" start="2026-01-16T19:06:03.065016" elapsed="0.000179">No keyword with name 'Avanço sem utilizar a biometria' found.</status>
</kw>
<kw name="Sleep" owner="BuiltIn">
<arg>5</arg>
<doc>Pauses the test executed for the given time.</doc>
<status status="NOT RUN" start="2026-01-16T19:06:03.065513" elapsed="0.000037"/>
</kw>
<status status="FAIL" start="2026-01-16T19:05:45.516245" elapsed="17.550375">No keyword with name 'Avanço sem utilizar a biometria' found.</status>
</test>
<status status="FAIL" start="2026-01-16T19:05:45.374208" elapsed="17.693584"/>
</suite>
<statistics>
<total>
<stat pass="0" fail="1" skip="0">All Tests</stat>
</total>
<tag>
</tag>
<suite>
<stat name="testSuitability" id="s1" pass="0" fail="1" skip="0">testSuitability</stat>
</suite>
</statistics>
<errors>
</errors>
</robot>
